This is pdfTeX, Version 3.14159265-2.6-1.40.20 (TeX Live 2019/W32TeX) (preloaded format=pdflatex 2020.3.17)  30 NOV 2023 19:16
entering extended mode
 restricted \write18 enabled.
 %&-line parsing enabled.
**Presentacion.tex
(./Presentacion.tex
LaTeX2e <2020-02-02> patch level 5
L3 programming layer <2020-02-25>
(c:/texlive/2019/texmf-dist/tex/latex/beamer/beamer.cls
Document Class: beamer 2019/09/29 v3.57 A class for typesetting presentations
(c:/texlive/2019/texmf-dist/tex/latex/beamer/beamerbasemodes.sty
(c:/texlive/2019/texmf-dist/tex/latex/etoolbox/etoolbox.sty
Package: etoolbox 2019/09/21 v2.5h e-TeX tools for LaTeX (JAW)
\etb@tempcnta=\count167
)
\beamer@tempbox=\box45
\beamer@tempcount=\count168
\c@beamerpauses=\count169

(c:/texlive/2019/texmf-dist/tex/latex/beamer/beamerbasedecode.sty
\beamer@slideinframe=\count170
\beamer@minimum=\count171
\beamer@decode@box=\box46
)
\beamer@commentbox=\box47
\beamer@modecount=\count172
)
(c:/texlive/2019/texmf-dist/tex/generic/iftex/ifpdf.sty
Package: ifpdf 2019/10/25 v3.4 ifpdf legacy package. Use iftex instead.

(c:/texlive/2019/texmf-dist/tex/generic/iftex/iftex.sty
Package: iftex 2019/11/07 v1.0c TeX engine tests
))
\headdp=\dimen134
\footheight=\dimen135
\sidebarheight=\dimen136
\beamer@tempdim=\dimen137
\beamer@finalheight=\dimen138
\beamer@animht=\dimen139
\beamer@animdp=\dimen140
\beamer@animwd=\dimen141
\beamer@leftmargin=\dimen142
\beamer@rightmargin=\dimen143
\beamer@leftsidebar=\dimen144
\beamer@rightsidebar=\dimen145
\beamer@boxsize=\dimen146
\beamer@vboxoffset=\dimen147
\beamer@descdefault=\dimen148
\beamer@descriptionwidth=\dimen149
\beamer@lastskip=\skip47
\beamer@areabox=\box48
\beamer@animcurrent=\box49
\beamer@animshowbox=\box50
\beamer@sectionbox=\box51
\beamer@logobox=\box52
\beamer@linebox=\box53
\beamer@sectioncount=\count173
\beamer@subsubsectionmax=\count174
\beamer@subsectionmax=\count175
\beamer@sectionmax=\count176
\beamer@totalheads=\count177
\beamer@headcounter=\count178
\beamer@partstartpage=\count179
\beamer@sectionstartpage=\count180
\beamer@subsectionstartpage=\count181
\beamer@animationtempa=\count182
\beamer@animationtempb=\count183
\beamer@xpos=\count184
\beamer@ypos=\count185
\beamer@ypos@offset=\count186
\beamer@showpartnumber=\count187
\beamer@currentsubsection=\count188
\beamer@coveringdepth=\count189
\beamer@sectionadjust=\count190
\beamer@tocsectionnumber=\count191

(c:/texlive/2019/texmf-dist/tex/latex/beamer/beamerbaseoptions.sty
(c:/texlive/2019/texmf-dist/tex/latex/graphics/keyval.sty
Package: keyval 2014/10/28 v1.15 key=value parser (DPC)
\KV@toks@=\toks15
))
\beamer@paperwidth=\skip48
\beamer@paperheight=\skip49

(c:/texlive/2019/texmf-dist/tex/latex/geometry/geometry.sty
Package: geometry 2020/01/02 v5.9 Page Geometry

(c:/texlive/2019/texmf-dist/tex/generic/iftex/ifvtex.sty
Package: ifvtex 2019/10/25 v1.7 ifvtex legacy package. Use iftex instead.
)
\Gm@cnth=\count192
\Gm@cntv=\count193
\c@Gm@tempcnt=\count194
\Gm@bindingoffset=\dimen150
\Gm@wd@mp=\dimen151
\Gm@odd@mp=\dimen152
\Gm@even@mp=\dimen153
\Gm@layoutwidth=\dimen154
\Gm@layoutheight=\dimen155
\Gm@layouthoffset=\dimen156
\Gm@layoutvoffset=\dimen157
\Gm@dimlist=\toks16
)
(c:/texlive/2019/texmf-dist/tex/latex/base/size12.clo
File: size12.clo 2019/12/20 v1.4l Standard LaTeX file (size option)
)
(c:/texlive/2019/texmf-dist/tex/latex/pgf/basiclayer/pgfcore.sty
(c:/texlive/2019/texmf-dist/tex/latex/graphics/graphicx.sty
Package: graphicx 2019/11/30 v1.2a Enhanced LaTeX Graphics (DPC,SPQR)

(c:/texlive/2019/texmf-dist/tex/latex/graphics/graphics.sty
Package: graphics 2019/11/30 v1.4a Standard LaTeX Graphics (DPC,SPQR)

(c:/texlive/2019/texmf-dist/tex/latex/graphics/trig.sty
Package: trig 2016/01/03 v1.10 sin cos tan (DPC)
)
(c:/texlive/2019/texmf-dist/tex/latex/graphics-cfg/graphics.cfg
File: graphics.cfg 2016/06/04 v1.11 sample graphics configuration
)
Package graphics Info: Driver file: pdftex.def on input line 105.

(c:/texlive/2019/texmf-dist/tex/latex/graphics-def/pdftex.def
File: pdftex.def 2018/01/08 v1.0l Graphics/color driver for pdftex
))
\Gin@req@height=\dimen158
\Gin@req@width=\dimen159
)
(c:/texlive/2019/texmf-dist/tex/latex/pgf/systemlayer/pgfsys.sty
(c:/texlive/2019/texmf-dist/tex/latex/pgf/utilities/pgfrcs.sty
(c:/texlive/2019/texmf-dist/tex/generic/pgf/utilities/pgfutil-common.tex
\pgfutil@everybye=\toks17
\pgfutil@tempdima=\dimen160
\pgfutil@tempdimb=\dimen161

(c:/texlive/2019/texmf-dist/tex/generic/pgf/utilities/pgfutil-common-lists.tex)
) (c:/texlive/2019/texmf-dist/tex/generic/pgf/utilities/pgfutil-latex.def
\pgfutil@abb=\box54

(c:/texlive/2019/texmf-dist/tex/latex/ms/everyshi.sty
Package: everyshi 2001/05/15 v3.00 EveryShipout Package (MS)
))
(c:/texlive/2019/texmf-dist/tex/generic/pgf/utilities/pgfrcs.code.tex
(c:/texlive/2019/texmf-dist/tex/generic/pgf/pgf.revision.tex)
Package: pgfrcs 2020/01/08 v3.1.5b (3.1.5b)
))
(c:/texlive/2019/texmf-dist/tex/generic/pgf/systemlayer/pgfsys.code.tex
Package: pgfsys 2020/01/08 v3.1.5b (3.1.5b)

(c:/texlive/2019/texmf-dist/tex/generic/pgf/utilities/pgfkeys.code.tex
\pgfkeys@pathtoks=\toks18
\pgfkeys@temptoks=\toks19

(c:/texlive/2019/texmf-dist/tex/generic/pgf/utilities/pgfkeysfiltered.code.tex
\pgfkeys@tmptoks=\toks20
))
\pgf@x=\dimen162
\pgf@y=\dimen163
\pgf@xa=\dimen164
\pgf@ya=\dimen165
\pgf@xb=\dimen166
\pgf@yb=\dimen167
\pgf@xc=\dimen168
\pgf@yc=\dimen169
\pgf@xd=\dimen170
\pgf@yd=\dimen171
\w@pgf@writea=\write3
\r@pgf@reada=\read2
\c@pgf@counta=\count195
\c@pgf@countb=\count196
\c@pgf@countc=\count197
\c@pgf@countd=\count198
\t@pgf@toka=\toks21
\t@pgf@tokb=\toks22
\t@pgf@tokc=\toks23
\pgf@sys@id@count=\count199
 (c:/texlive/2019/texmf-dist/tex/generic/pgf/systemlayer/pgf.cfg
File: pgf.cfg 2020/01/08 v3.1.5b (3.1.5b)
)
Driver file for pgf: pgfsys-pdftex.def

(c:/texlive/2019/texmf-dist/tex/generic/pgf/systemlayer/pgfsys-pdftex.def
File: pgfsys-pdftex.def 2020/01/08 v3.1.5b (3.1.5b)

(c:/texlive/2019/texmf-dist/tex/generic/pgf/systemlayer/pgfsys-common-pdf.def
File: pgfsys-common-pdf.def 2020/01/08 v3.1.5b (3.1.5b)
)))
(c:/texlive/2019/texmf-dist/tex/generic/pgf/systemlayer/pgfsyssoftpath.code.tex
File: pgfsyssoftpath.code.tex 2020/01/08 v3.1.5b (3.1.5b)
\pgfsyssoftpath@smallbuffer@items=\count266
\pgfsyssoftpath@bigbuffer@items=\count267
)
(c:/texlive/2019/texmf-dist/tex/generic/pgf/systemlayer/pgfsysprotocol.code.tex
File: pgfsysprotocol.code.tex 2020/01/08 v3.1.5b (3.1.5b)
)) (c:/texlive/2019/texmf-dist/tex/latex/xcolor/xcolor.sty
Package: xcolor 2016/05/11 v2.12 LaTeX color extensions (UK)

(c:/texlive/2019/texmf-dist/tex/latex/graphics-cfg/color.cfg
File: color.cfg 2016/01/02 v1.6 sample color configuration
)
Package xcolor Info: Driver file: pdftex.def on input line 225.
Package xcolor Info: Model `cmy' substituted by `cmy0' on input line 1348.
Package xcolor Info: Model `hsb' substituted by `rgb' on input line 1352.
Package xcolor Info: Model `RGB' extended on input line 1364.
Package xcolor Info: Model `HTML' substituted by `rgb' on input line 1366.
Package xcolor Info: Model `Hsb' substituted by `hsb' on input line 1367.
Package xcolor Info: Model `tHsb' substituted by `hsb' on input line 1368.
Package xcolor Info: Model `HSB' substituted by `hsb' on input line 1369.
Package xcolor Info: Model `Gray' substituted by `gray' on input line 1370.
Package xcolor Info: Model `wave' substituted by `hsb' on input line 1371.
)
(c:/texlive/2019/texmf-dist/tex/generic/pgf/basiclayer/pgfcore.code.tex
Package: pgfcore 2020/01/08 v3.1.5b (3.1.5b)

(c:/texlive/2019/texmf-dist/tex/generic/pgf/math/pgfmath.code.tex
(c:/texlive/2019/texmf-dist/tex/generic/pgf/math/pgfmathcalc.code.tex
(c:/texlive/2019/texmf-dist/tex/generic/pgf/math/pgfmathutil.code.tex)
(c:/texlive/2019/texmf-dist/tex/generic/pgf/math/pgfmathparser.code.tex
\pgfmath@dimen=\dimen172
\pgfmath@count=\count268
\pgfmath@box=\box55
\pgfmath@toks=\toks24
\pgfmath@stack@operand=\toks25
\pgfmath@stack@operation=\toks26
)
(c:/texlive/2019/texmf-dist/tex/generic/pgf/math/pgfmathfunctions.code.tex
(c:/texlive/2019/texmf-dist/tex/generic/pgf/math/pgfmathfunctions.basic.code.te
x)
(c:/texlive/2019/texmf-dist/tex/generic/pgf/math/pgfmathfunctions.trigonometric
.code.tex)
(c:/texlive/2019/texmf-dist/tex/generic/pgf/math/pgfmathfunctions.random.code.t
ex)
(c:/texlive/2019/texmf-dist/tex/generic/pgf/math/pgfmathfunctions.comparison.co
de.tex)
(c:/texlive/2019/texmf-dist/tex/generic/pgf/math/pgfmathfunctions.base.code.tex
)
(c:/texlive/2019/texmf-dist/tex/generic/pgf/math/pgfmathfunctions.round.code.te
x)
(c:/texlive/2019/texmf-dist/tex/generic/pgf/math/pgfmathfunctions.misc.code.tex
)
(c:/texlive/2019/texmf-dist/tex/generic/pgf/math/pgfmathfunctions.integerarithm
etics.code.tex)))
(c:/texlive/2019/texmf-dist/tex/generic/pgf/math/pgfmathfloat.code.tex
\c@pgfmathroundto@lastzeros=\count269
))
(c:/texlive/2019/texmf-dist/tex/generic/pgf/math/pgfint.code.tex)
(c:/texlive/2019/texmf-dist/tex/generic/pgf/basiclayer/pgfcorepoints.code.tex
File: pgfcorepoints.code.tex 2020/01/08 v3.1.5b (3.1.5b)
\pgf@picminx=\dimen173
\pgf@picmaxx=\dimen174
\pgf@picminy=\dimen175
\pgf@picmaxy=\dimen176
\pgf@pathminx=\dimen177
\pgf@pathmaxx=\dimen178
\pgf@pathminy=\dimen179
\pgf@pathmaxy=\dimen180
\pgf@xx=\dimen181
\pgf@xy=\dimen182
\pgf@yx=\dimen183
\pgf@yy=\dimen184
\pgf@zx=\dimen185
\pgf@zy=\dimen186
)
(c:/texlive/2019/texmf-dist/tex/generic/pgf/basiclayer/pgfcorepathconstruct.cod
e.tex
File: pgfcorepathconstruct.code.tex 2020/01/08 v3.1.5b (3.1.5b)
\pgf@path@lastx=\dimen187
\pgf@path@lasty=\dimen188
)
(c:/texlive/2019/texmf-dist/tex/generic/pgf/basiclayer/pgfcorepathusage.code.te
x
File: pgfcorepathusage.code.tex 2020/01/08 v3.1.5b (3.1.5b)
\pgf@shorten@end@additional=\dimen189
\pgf@shorten@start@additional=\dimen190
)
(c:/texlive/2019/texmf-dist/tex/generic/pgf/basiclayer/pgfcorescopes.code.tex
File: pgfcorescopes.code.tex 2020/01/08 v3.1.5b (3.1.5b)
\pgfpic=\box56
\pgf@hbox=\box57
\pgf@layerbox@main=\box58
\pgf@picture@serial@count=\count270
)
(c:/texlive/2019/texmf-dist/tex/generic/pgf/basiclayer/pgfcoregraphicstate.code
.tex
File: pgfcoregraphicstate.code.tex 2020/01/08 v3.1.5b (3.1.5b)
\pgflinewidth=\dimen191
)
(c:/texlive/2019/texmf-dist/tex/generic/pgf/basiclayer/pgfcoretransformations.c
ode.tex
File: pgfcoretransformations.code.tex 2020/01/08 v3.1.5b (3.1.5b)
\pgf@pt@x=\dimen192
\pgf@pt@y=\dimen193
\pgf@pt@temp=\dimen194
)
(c:/texlive/2019/texmf-dist/tex/generic/pgf/basiclayer/pgfcorequick.code.tex
File: pgfcorequick.code.tex 2020/01/08 v3.1.5b (3.1.5b)
)
(c:/texlive/2019/texmf-dist/tex/generic/pgf/basiclayer/pgfcoreobjects.code.tex
File: pgfcoreobjects.code.tex 2020/01/08 v3.1.5b (3.1.5b)
)
(c:/texlive/2019/texmf-dist/tex/generic/pgf/basiclayer/pgfcorepathprocessing.co
de.tex
File: pgfcorepathprocessing.code.tex 2020/01/08 v3.1.5b (3.1.5b)
)
(c:/texlive/2019/texmf-dist/tex/generic/pgf/basiclayer/pgfcorearrows.code.tex
File: pgfcorearrows.code.tex 2020/01/08 v3.1.5b (3.1.5b)
\pgfarrowsep=\dimen195
)
(c:/texlive/2019/texmf-dist/tex/generic/pgf/basiclayer/pgfcoreshade.code.tex
File: pgfcoreshade.code.tex 2020/01/08 v3.1.5b (3.1.5b)
\pgf@max=\dimen196
\pgf@sys@shading@range@num=\count271
\pgf@shadingcount=\count272
)
(c:/texlive/2019/texmf-dist/tex/generic/pgf/basiclayer/pgfcoreimage.code.tex
File: pgfcoreimage.code.tex 2020/01/08 v3.1.5b (3.1.5b)

(c:/texlive/2019/texmf-dist/tex/generic/pgf/basiclayer/pgfcoreexternal.code.tex
File: pgfcoreexternal.code.tex 2020/01/08 v3.1.5b (3.1.5b)
\pgfexternal@startupbox=\box59
))
(c:/texlive/2019/texmf-dist/tex/generic/pgf/basiclayer/pgfcorelayers.code.tex
File: pgfcorelayers.code.tex 2020/01/08 v3.1.5b (3.1.5b)
)
(c:/texlive/2019/texmf-dist/tex/generic/pgf/basiclayer/pgfcoretransparency.code
.tex
File: pgfcoretransparency.code.tex 2020/01/08 v3.1.5b (3.1.5b)
)
(c:/texlive/2019/texmf-dist/tex/generic/pgf/basiclayer/pgfcorepatterns.code.tex
File: pgfcorepatterns.code.tex 2020/01/08 v3.1.5b (3.1.5b)
) (c:/texlive/2019/texmf-dist/tex/generic/pgf/basiclayer/pgfcorerdf.code.tex
File: pgfcorerdf.code.tex 2020/01/08 v3.1.5b (3.1.5b)
))) (c:/texlive/2019/texmf-dist/tex/latex/pgf/utilities/xxcolor.sty
Package: xxcolor 2003/10/24 ver 0.1
\XC@nummixins=\count273
\XC@countmixins=\count274
)
(c:/texlive/2019/texmf-dist/tex/generic/atbegshi/atbegshi.sty
Package: atbegshi 2019/12/05 v1.19 At begin shipout hook (HO)

(c:/texlive/2019/texmf-dist/tex/generic/infwarerr/infwarerr.sty
Package: infwarerr 2019/12/03 v1.5 Providing info/warning/error messages (HO)
)
(c:/texlive/2019/texmf-dist/tex/generic/ltxcmds/ltxcmds.sty
Package: ltxcmds 2019/12/15 v1.24 LaTeX kernel commands for general use (HO)
))
(c:/texlive/2019/texmf-dist/tex/latex/hyperref/hyperref.sty
Package: hyperref 2020/01/14 v7.00d Hypertext links for LaTeX

(c:/texlive/2019/texmf-dist/tex/latex/pdftexcmds/pdftexcmds.sty
Package: pdftexcmds 2019/11/24 v0.31 Utility functions of pdfTeX for LuaTeX (HO
)
Package pdftexcmds Info: \pdf@primitive is available.
Package pdftexcmds Info: \pdf@ifprimitive is available.
Package pdftexcmds Info: \pdfdraftmode found.
)
(c:/texlive/2019/texmf-dist/tex/generic/kvsetkeys/kvsetkeys.sty
Package: kvsetkeys 2019/12/15 v1.18 Key value parser (HO)
)
(c:/texlive/2019/texmf-dist/tex/generic/kvdefinekeys/kvdefinekeys.sty
Package: kvdefinekeys 2019-12-19 v1.6 Define keys (HO)
)
(c:/texlive/2019/texmf-dist/tex/generic/pdfescape/pdfescape.sty
Package: pdfescape 2019/12/09 v1.15 Implements pdfTeX's escape features (HO)
)
(c:/texlive/2019/texmf-dist/tex/latex/hycolor/hycolor.sty
Package: hycolor 2020-01-27 v1.10 Color options for hyperref/bookmark (HO)
)
(c:/texlive/2019/texmf-dist/tex/latex/letltxmacro/letltxmacro.sty
Package: letltxmacro 2019/12/03 v1.6 Let assignment for LaTeX macros (HO)
)
(c:/texlive/2019/texmf-dist/tex/latex/auxhook/auxhook.sty
Package: auxhook 2019-12-17 v1.6 Hooks for auxiliary files (HO)
)
(c:/texlive/2019/texmf-dist/tex/latex/kvoptions/kvoptions.sty
Package: kvoptions 2019/11/29 v3.13 Key value format for package options (HO)
)
\@linkdim=\dimen197
\Hy@linkcounter=\count275
\Hy@pagecounter=\count276

(c:/texlive/2019/texmf-dist/tex/latex/hyperref/pd1enc.def
File: pd1enc.def 2020/01/14 v7.00d Hyperref: PDFDocEncoding definition (HO)
Now handling font encoding PD1 ...
... no UTF-8 mapping file for font encoding PD1
)
(c:/texlive/2019/texmf-dist/tex/generic/intcalc/intcalc.sty
Package: intcalc 2019/12/15 v1.3 Expandable calculations with integers (HO)
)
(c:/texlive/2019/texmf-dist/tex/generic/etexcmds/etexcmds.sty
Package: etexcmds 2019/12/15 v1.7 Avoid name clashes with e-TeX commands (HO)
)
\Hy@SavedSpaceFactor=\count277
\pdfmajorversion=\count278
Package hyperref Info: Option `bookmarks' set `true' on input line 4421.
Package hyperref Info: Option `bookmarksopen' set `true' on input line 4421.
Package hyperref Info: Option `implicit' set `false' on input line 4421.
Package hyperref Info: Hyper figures OFF on input line 4547.
Package hyperref Info: Link nesting OFF on input line 4552.
Package hyperref Info: Hyper index ON on input line 4555.
Package hyperref Info: Plain pages OFF on input line 4562.
Package hyperref Info: Backreferencing OFF on input line 4567.
Package hyperref Info: Implicit mode OFF; no redefinition of LaTeX internals.
Package hyperref Info: Bookmarks ON on input line 4800.
\c@Hy@tempcnt=\count279

(c:/texlive/2019/texmf-dist/tex/latex/url/url.sty
\Urlmuskip=\muskip16
Package: url 2013/09/16  ver 3.4  Verb mode for urls, etc.
)
LaTeX Info: Redefining \url on input line 5159.
\XeTeXLinkMargin=\dimen198

(c:/texlive/2019/texmf-dist/tex/generic/bitset/bitset.sty
Package: bitset 2019/12/09 v1.3 Handle bit-vector datatype (HO)

(c:/texlive/2019/texmf-dist/tex/generic/bigintcalc/bigintcalc.sty
Package: bigintcalc 2019/12/15 v1.5 Expandable calculations on big integers (HO
)
))
\Fld@menulength=\count280
\Field@Width=\dimen199
\Fld@charsize=\dimen256
Package hyperref Info: Hyper figures OFF on input line 6430.
Package hyperref Info: Link nesting OFF on input line 6435.
Package hyperref Info: Hyper index ON on input line 6438.
Package hyperref Info: backreferencing OFF on input line 6445.
Package hyperref Info: Link coloring OFF on input line 6450.
Package hyperref Info: Link coloring with OCG OFF on input line 6455.
Package hyperref Info: PDF/A mode OFF on input line 6460.
LaTeX Info: Redefining \ref on input line 6500.
LaTeX Info: Redefining \pageref on input line 6504.
\Hy@abspage=\count281


Package hyperref Message: Stopped early.

)
Package hyperref Info: Driver (autodetected): hpdftex.
 (c:/texlive/2019/texmf-dist/tex/latex/hyperref/hpdftex.def
File: hpdftex.def 2020/01/14 v7.00d Hyperref driver for pdfTeX

(c:/texlive/2019/texmf-dist/tex/latex/atveryend/atveryend.sty
Package: atveryend 2019-12-11 v1.11 Hooks at the very end of document (HO)
)
\Fld@listcount=\count282
\c@bookmark@seq@number=\count283

(c:/texlive/2019/texmf-dist/tex/latex/rerunfilecheck/rerunfilecheck.sty
Package: rerunfilecheck 2019/12/05 v1.9 Rerun checks for auxiliary files (HO)

(c:/texlive/2019/texmf-dist/tex/generic/uniquecounter/uniquecounter.sty
Package: uniquecounter 2019/12/15 v1.4 Provide unlimited unique counter (HO)
)
Package uniquecounter Info: New unique counter `rerunfilecheck' on input line 2
86.
))
(c:/texlive/2019/texmf-dist/tex/latex/beamer/beamerbaserequires.sty
(c:/texlive/2019/texmf-dist/tex/latex/beamer/beamerbasecompatibility.sty)
(c:/texlive/2019/texmf-dist/tex/latex/beamer/beamerbasefont.sty
(c:/texlive/2019/texmf-dist/tex/latex/amsfonts/amssymb.sty
Package: amssymb 2013/01/14 v3.01 AMS font symbols

(c:/texlive/2019/texmf-dist/tex/latex/amsfonts/amsfonts.sty
Package: amsfonts 2013/01/14 v3.01 Basic AMSFonts support
\@emptytoks=\toks27
\symAMSa=\mathgroup4
\symAMSb=\mathgroup5
LaTeX Font Info:    Redeclaring math symbol \hbar on input line 98.
LaTeX Font Info:    Overwriting math alphabet `\mathfrak' in version `bold'
(Font)                  U/euf/m/n --> U/euf/b/n on input line 106.
))
(c:/texlive/2019/texmf-dist/tex/latex/sansmathaccent/sansmathaccent.sty
Package: sansmathaccent 2020/01/31

(c:/texlive/2019/texmf-dist/tex/latex/koma-script/scrlfile.sty
Package: scrlfile 2020/01/24 v3.29 KOMA-Script package (loading files)
)))
(c:/texlive/2019/texmf-dist/tex/latex/beamer/beamerbasetranslator.sty
(c:/texlive/2019/texmf-dist/tex/latex/translator/translator.sty
Package: translator 2019-05-31 v1.12a Easy translation of strings in LaTeX
))
(c:/texlive/2019/texmf-dist/tex/latex/beamer/beamerbasemisc.sty)
(c:/texlive/2019/texmf-dist/tex/latex/beamer/beamerbasetwoscreens.sty)
(c:/texlive/2019/texmf-dist/tex/latex/beamer/beamerbaseoverlay.sty
\beamer@argscount=\count284
\beamer@lastskipcover=\skip50
\beamer@trivlistdepth=\count285
)
(c:/texlive/2019/texmf-dist/tex/latex/beamer/beamerbasetitle.sty)
(c:/texlive/2019/texmf-dist/tex/latex/beamer/beamerbasesection.sty
\c@lecture=\count286
\c@part=\count287
\c@section=\count288
\c@subsection=\count289
\c@subsubsection=\count290
)
(c:/texlive/2019/texmf-dist/tex/latex/beamer/beamerbaseframe.sty
\beamer@framebox=\box60
\beamer@frametitlebox=\box61
\beamer@zoombox=\box62
\beamer@zoomcount=\count291
\beamer@zoomframecount=\count292
\beamer@frametextheight=\dimen257
\c@subsectionslide=\count293
\beamer@frametopskip=\skip51
\beamer@framebottomskip=\skip52
\beamer@frametopskipautobreak=\skip53
\beamer@framebottomskipautobreak=\skip54
\beamer@envbody=\toks28
\framewidth=\dimen258
\c@framenumber=\count294
)
(c:/texlive/2019/texmf-dist/tex/latex/beamer/beamerbaseverbatim.sty
\beamer@verbatimfileout=\write4
)
(c:/texlive/2019/texmf-dist/tex/latex/beamer/beamerbaseframesize.sty
\beamer@splitbox=\box63
\beamer@autobreakcount=\count295
\beamer@autobreaklastheight=\dimen259
\beamer@frametitletoks=\toks29
\beamer@framesubtitletoks=\toks30
)
(c:/texlive/2019/texmf-dist/tex/latex/beamer/beamerbaseframecomponents.sty
\beamer@footins=\box64
)
(c:/texlive/2019/texmf-dist/tex/latex/beamer/beamerbasecolor.sty)
(c:/texlive/2019/texmf-dist/tex/latex/beamer/beamerbasenotes.sty
\beamer@frameboxcopy=\box65
)
(c:/texlive/2019/texmf-dist/tex/latex/beamer/beamerbasetoc.sty)
(c:/texlive/2019/texmf-dist/tex/latex/beamer/beamerbasetemplates.sty
\beamer@sbttoks=\toks31

(c:/texlive/2019/texmf-dist/tex/latex/beamer/beamerbaseauxtemplates.sty
(c:/texlive/2019/texmf-dist/tex/latex/beamer/beamerbaseboxes.sty
\bmb@box=\box66
\bmb@colorbox=\box67
\bmb@boxshadow=\box68
\bmb@boxshadowball=\box69
\bmb@boxshadowballlarge=\box70
\bmb@temp=\dimen260
\bmb@dima=\dimen261
\bmb@dimb=\dimen262
\bmb@prevheight=\dimen263
)
\beamer@blockheadheight=\dimen264
))
(c:/texlive/2019/texmf-dist/tex/latex/beamer/beamerbaselocalstructure.sty
(c:/texlive/2019/texmf-dist/tex/latex/tools/enumerate.sty
Package: enumerate 2015/07/23 v3.00 enumerate extensions (DPC)
\@enLab=\toks32
)
\c@figure=\count296
\c@table=\count297
\abovecaptionskip=\skip55
\belowcaptionskip=\skip56
)
(c:/texlive/2019/texmf-dist/tex/latex/beamer/beamerbasenavigation.sty
\beamer@section@min@dim=\dimen265
)
(c:/texlive/2019/texmf-dist/tex/latex/beamer/beamerbasetheorems.sty
(c:/texlive/2019/texmf-dist/tex/latex/amsmath/amsmath.sty
Package: amsmath 2020/01/20 v2.17e AMS math features
\@mathmargin=\skip57

For additional information on amsmath, use the `?' option.
(c:/texlive/2019/texmf-dist/tex/latex/amsmath/amstext.sty
Package: amstext 2000/06/29 v2.01 AMS text

(c:/texlive/2019/texmf-dist/tex/latex/amsmath/amsgen.sty
File: amsgen.sty 1999/11/30 v2.0 generic functions
\@emptytoks=\toks33
\ex@=\dimen266
))
(c:/texlive/2019/texmf-dist/tex/latex/amsmath/amsbsy.sty
Package: amsbsy 1999/11/29 v1.2d Bold Symbols
\pmbraise@=\dimen267
)
(c:/texlive/2019/texmf-dist/tex/latex/amsmath/amsopn.sty
Package: amsopn 2016/03/08 v2.02 operator names
)
\inf@bad=\count298
LaTeX Info: Redefining \frac on input line 227.
\uproot@=\count299
\leftroot@=\count300
LaTeX Info: Redefining \overline on input line 389.
\classnum@=\count301
\DOTSCASE@=\count302
LaTeX Info: Redefining \ldots on input line 486.
LaTeX Info: Redefining \dots on input line 489.
LaTeX Info: Redefining \cdots on input line 610.
\Mathstrutbox@=\box71
\strutbox@=\box72
\big@size=\dimen268
LaTeX Font Info:    Redeclaring font encoding OML on input line 733.
LaTeX Font Info:    Redeclaring font encoding OMS on input line 734.
\macc@depth=\count303
\c@MaxMatrixCols=\count304
\dotsspace@=\muskip17
\c@parentequation=\count305
\dspbrk@lvl=\count306
\tag@help=\toks34
\row@=\count307
\column@=\count308
\maxfields@=\count309
\andhelp@=\toks35
\eqnshift@=\dimen269
\alignsep@=\dimen270
\tagshift@=\dimen271
\tagwidth@=\dimen272
\totwidth@=\dimen273
\lineht@=\dimen274
\@envbody=\toks36
\multlinegap=\skip58
\multlinetaggap=\skip59
\mathdisplay@stack=\toks37
LaTeX Info: Redefining \[ on input line 2859.
LaTeX Info: Redefining \] on input line 2860.
)
(c:/texlive/2019/texmf-dist/tex/latex/amscls/amsthm.sty
Package: amsthm 2017/10/31 v2.20.4
\thm@style=\toks38
\thm@bodyfont=\toks39
\thm@headfont=\toks40
\thm@notefont=\toks41
\thm@headpunct=\toks42
\thm@preskip=\skip60
\thm@postskip=\skip61
\thm@headsep=\skip62
\dth@everypar=\toks43
)
\c@theorem=\count310
)
(c:/texlive/2019/texmf-dist/tex/latex/beamer/beamerbasethemes.sty))
(c:/texlive/2019/texmf-dist/tex/latex/beamer/beamerthemedefault.sty
(c:/texlive/2019/texmf-dist/tex/latex/beamer/beamerfontthemedefault.sty)
(c:/texlive/2019/texmf-dist/tex/latex/beamer/beamercolorthemedefault.sty)
(c:/texlive/2019/texmf-dist/tex/latex/beamer/beamerinnerthemedefault.sty
\beamer@dima=\dimen275
\beamer@dimb=\dimen276
)
(c:/texlive/2019/texmf-dist/tex/latex/beamer/beamerouterthemedefault.sty)))
(c:/texlive/2019/texmf-dist/tex/latex/beamer/beamerthemeMadrid.sty
(c:/texlive/2019/texmf-dist/tex/latex/beamer/beamercolorthemewhale.sty)
(c:/texlive/2019/texmf-dist/tex/latex/beamer/beamercolorthemeorchid.sty)
(c:/texlive/2019/texmf-dist/tex/latex/beamer/beamerinnerthemerounded.sty)
(c:/texlive/2019/texmf-dist/tex/latex/beamer/beamerouterthemeinfolines.sty))
(c:/texlive/2019/texmf-dist/tex/latex/base/inputenc.sty
Package: inputenc 2018/08/11 v1.3c Input encoding file
\inpenc@prehook=\toks44
\inpenc@posthook=\toks45
)
(c:/texlive/2019/texmf-dist/tex/generic/babel/babel.sty
Package: babel 2020/02/28 3.41 The Babel package

(c:/texlive/2019/texmf-dist/tex/generic/babel/switch.def
File: switch.def 2020/02/28 3.41 Babel switching mechanism
)
(c:/texlive/2019/texmf-dist/tex/generic/babel-spanish/spanish.ldf
Language: spanish.ldf 2016/03/03 v5.0p Spanish support from the babel system

(c:/texlive/2019/texmf-dist/tex/generic/babel/babel.def
File: babel.def 2020/02/28 3.41 Babel common definitions
\babel@savecnt=\count311
\U@D=\dimen277

(c:/texlive/2019/texmf-dist/tex/generic/babel/txtbabel.def)
\bbl@readstream=\read3
LaTeX Info: Redefining \textlatin on input line 2402.
\bbl@dirlevel=\count312
)
\es@quottoks=\toks46
\es@quotdepth=\count313
Package babel Info: Making " an active character on input line 561.
Package babel Info: Making . an active character on input line 662.
Package babel Info: Making < an active character on input line 707.
Package babel Info: Making > an active character on input line 707.
))
(c:/texlive/2019/texmf-dist/tex/latex/base/makeidx.sty
Package: makeidx 2014/09/29 v1.0m Standard LaTeX package
)
(c:/texlive/2019/texmf-dist/tex/latex/l3backend/l3backend-pdfmode.def
File: l3backend-pdfmode.def 2020-02-23 L3 backend support: PDF mode
\l__kernel_color_stack_int=\count314
\l__pdf_internal_box=\box73
)
(./Presentacion.aux
LaTeX Info: Redefining \. on input line 24.
LaTeX Info: Redefining \% on input line 24.
)
\openout1 = `Presentacion.aux'.

LaTeX Font Info:    Checking defaults for OML/cmm/m/it on input line 13.
LaTeX Font Info:    ... okay on input line 13.
LaTeX Font Info:    Checking defaults for OMS/cmsy/m/n on input line 13.
LaTeX Font Info:    ... okay on input line 13.
LaTeX Font Info:    Checking defaults for OT1/cmr/m/n on input line 13.
LaTeX Font Info:    ... okay on input line 13.
LaTeX Font Info:    Checking defaults for T1/cmr/m/n on input line 13.
LaTeX Font Info:    ... okay on input line 13.
LaTeX Font Info:    Checking defaults for TS1/cmr/m/n on input line 13.
LaTeX Font Info:    ... okay on input line 13.
LaTeX Font Info:    Checking defaults for OMX/cmex/m/n on input line 13.
LaTeX Font Info:    ... okay on input line 13.
LaTeX Font Info:    Checking defaults for U/cmr/m/n on input line 13.
LaTeX Font Info:    ... okay on input line 13.
LaTeX Font Info:    Checking defaults for PD1/pdf/m/n on input line 13.
LaTeX Font Info:    ... okay on input line 13.

*geometry* driver: auto-detecting
*geometry* detected driver: pdftex
*geometry* verbose mode - [ preamble ] result:
* driver: pdftex
* paper: custom
* layout: <same size as paper>
* layoutoffset:(h,v)=(0.0pt,0.0pt)
* modes: includehead includefoot 
* h-part:(L,W,R)=(11.74988pt, 340.6956pt, 11.74988pt)
* v-part:(T,H,B)=(0.0pt, 273.14662pt, 0.0pt)
* \paperwidth=364.19536pt
* \paperheight=273.14662pt
* \textwidth=340.6956pt
* \textheight=244.6939pt
* \oddsidemargin=-60.52011pt
* \evensidemargin=-60.52011pt
* \topmargin=-72.26999pt
* \headheight=14.22636pt
* \headsep=0.0pt
* \topskip=12.0pt
* \footskip=14.22636pt
* \marginparwidth=4.0pt
* \marginparsep=10.0pt
* \columnsep=10.0pt
* \skip\footins=10.8pt plus 4.0pt minus 2.0pt
* \hoffset=0.0pt
* \voffset=0.0pt
* \mag=1000
* \@twocolumnfalse
* \@twosidefalse
* \@mparswitchfalse
* \@reversemarginfalse
* (1in=72.27pt=25.4mm, 1cm=28.453pt)

(c:/texlive/2019/texmf-dist/tex/context/base/mkii/supp-pdf.mkii
[Loading MPS to PDF converter (version 2006.09.02).]
\scratchcounter=\count315
\scratchdimen=\dimen278
\scratchbox=\box74
\nofMPsegments=\count316
\nofMParguments=\count317
\everyMPshowfont=\toks47
\MPscratchCnt=\count318
\MPscratchDim=\dimen279
\MPnumerator=\count319
\makeMPintoPDFobject=\count320
\everyMPtoPDFconversion=\toks48
) (c:/texlive/2019/texmf-dist/tex/latex/epstopdf-pkg/epstopdf-base.sty
Package: epstopdf-base 2020-01-24 v2.11 Base part for package epstopdf
Package epstopdf-base Info: Redefining graphics rule for `.eps' on input line 4
85.

(c:/texlive/2019/texmf-dist/tex/latex/latexconfig/epstopdf-sys.cfg
File: epstopdf-sys.cfg 2010/07/13 v1.3 Configuration of (r)epstopdf for TeX Liv
e
))
ABD: EveryShipout initializing macros
\AtBeginShipoutBox=\box75
Package hyperref Info: Link coloring OFF on input line 13.

(c:/texlive/2019/texmf-dist/tex/latex/hyperref/nameref.sty
Package: nameref 2019/09/16 v2.46 Cross-referencing by name of section

(c:/texlive/2019/texmf-dist/tex/latex/refcount/refcount.sty
Package: refcount 2019/12/15 v3.6 Data extraction from label references (HO)
)
(c:/texlive/2019/texmf-dist/tex/generic/gettitlestring/gettitlestring.sty
Package: gettitlestring 2019/12/15 v1.6 Cleanup title references (HO)
)
\c@section@level=\count321
)
LaTeX Info: Redefining \ref on input line 13.
LaTeX Info: Redefining \pageref on input line 13.
LaTeX Info: Redefining \nameref on input line 13.

(./Presentacion.out) (./Presentacion.out)
\@outlinefile=\write5
\openout5 = `Presentacion.out'.

LaTeX Font Info:    Overwriting symbol font `operators' in version `normal'
(Font)                  OT1/cmr/m/n --> OT1/cmss/m/n on input line 13.
LaTeX Font Info:    Overwriting symbol font `operators' in version `bold'
(Font)                  OT1/cmr/bx/n --> OT1/cmss/b/n on input line 13.
\symnumbers=\mathgroup6
\sympureletters=\mathgroup7
LaTeX Font Info:    Overwriting math alphabet `\mathrm' in version `normal'
(Font)                  OT1/cmss/m/n --> OT1/cmr/m/n on input line 13.
LaTeX Font Info:    Redeclaring math alphabet \mathbf on input line 13.
LaTeX Font Info:    Overwriting math alphabet `\mathbf' in version `normal'
(Font)                  OT1/cmr/bx/n --> OT1/cmss/b/n on input line 13.
LaTeX Font Info:    Overwriting math alphabet `\mathbf' in version `bold'
(Font)                  OT1/cmr/bx/n --> OT1/cmss/b/n on input line 13.
LaTeX Font Info:    Redeclaring math alphabet \mathsf on input line 13.
LaTeX Font Info:    Overwriting math alphabet `\mathsf' in version `normal'
(Font)                  OT1/cmss/m/n --> OT1/cmss/m/n on input line 13.
LaTeX Font Info:    Overwriting math alphabet `\mathsf' in version `bold'
(Font)                  OT1/cmss/bx/n --> OT1/cmss/m/n on input line 13.
LaTeX Font Info:    Redeclaring math alphabet \mathit on input line 13.
LaTeX Font Info:    Overwriting math alphabet `\mathit' in version `normal'
(Font)                  OT1/cmr/m/it --> OT1/cmss/m/it on input line 13.
LaTeX Font Info:    Overwriting math alphabet `\mathit' in version `bold'
(Font)                  OT1/cmr/bx/it --> OT1/cmss/m/it on input line 13.
LaTeX Font Info:    Redeclaring math alphabet \mathtt on input line 13.
LaTeX Font Info:    Overwriting math alphabet `\mathtt' in version `normal'
(Font)                  OT1/cmtt/m/n --> OT1/cmtt/m/n on input line 13.
LaTeX Font Info:    Overwriting math alphabet `\mathtt' in version `bold'
(Font)                  OT1/cmtt/m/n --> OT1/cmtt/m/n on input line 13.
LaTeX Font Info:    Overwriting symbol font `numbers' in version `bold'
(Font)                  OT1/cmss/m/n --> OT1/cmss/b/n on input line 13.
LaTeX Font Info:    Overwriting symbol font `pureletters' in version `bold'
(Font)                  OT1/cmss/m/it --> OT1/cmss/b/it on input line 13.
LaTeX Font Info:    Overwriting math alphabet `\mathrm' in version `bold'
(Font)                  OT1/cmss/b/n --> OT1/cmr/b/n on input line 13.
LaTeX Font Info:    Overwriting math alphabet `\mathbf' in version `bold'
(Font)                  OT1/cmss/b/n --> OT1/cmss/b/n on input line 13.
LaTeX Font Info:    Overwriting math alphabet `\mathsf' in version `bold'
(Font)                  OT1/cmss/m/n --> OT1/cmss/b/n on input line 13.
LaTeX Font Info:    Overwriting math alphabet `\mathit' in version `bold'
(Font)                  OT1/cmss/m/it --> OT1/cmss/b/it on input line 13.
LaTeX Font Info:    Overwriting math alphabet `\mathtt' in version `bold'
(Font)                  OT1/cmtt/m/n --> OT1/cmtt/b/n on input line 13.
LaTeX Font Info:    Redeclaring symbol font `pureletters' on input line 13.
LaTeX Font Info:    Overwriting symbol font `pureletters' in version `normal'
(Font)                  OT1/cmss/m/it --> OT1/mathkerncmss/m/sl on input line 1
3.
LaTeX Font Info:    Overwriting symbol font `pureletters' in version `bold'
(Font)                  OT1/cmss/b/it --> OT1/mathkerncmss/m/sl on input line 1
3.
LaTeX Font Info:    Overwriting symbol font `pureletters' in version `bold'
(Font)                  OT1/mathkerncmss/m/sl --> OT1/mathkerncmss/bx/sl on inp
ut line 13.

(c:/texlive/2019/texmf-dist/tex/latex/translator/translator-basic-dictionary-En
glish.dict
Dictionary: translator-basic-dictionary, Language: English 
)
(c:/texlive/2019/texmf-dist/tex/latex/translator/translator-bibliography-dictio
nary-English.dict
Dictionary: translator-bibliography-dictionary, Language: English 
)
(c:/texlive/2019/texmf-dist/tex/latex/translator/translator-environment-diction
ary-English.dict
Dictionary: translator-environment-dictionary, Language: English 
)
(c:/texlive/2019/texmf-dist/tex/latex/translator/translator-months-dictionary-E
nglish.dict
Dictionary: translator-months-dictionary, Language: English 
)
(c:/texlive/2019/texmf-dist/tex/latex/translator/translator-numbers-dictionary-
English.dict
Dictionary: translator-numbers-dictionary, Language: English 
)
(c:/texlive/2019/texmf-dist/tex/latex/translator/translator-theorem-dictionary-
English.dict
Dictionary: translator-theorem-dictionary, Language: English 
)
LaTeX Info: Redefining \. on input line 13.
LaTeX Info: Redefining \% on input line 13.
 (./Presentacion.nav)
Overfull \hbox (22.04053pt too wide) in paragraph at lines 13--13
 [][][][]  
 []

<Imagenes/Logo1.png, id=30, 247.92625pt x 204.765pt>
File: Imagenes/Logo1.png Graphic file (type png)
<use Imagenes/Logo1.png>
Package pdftex.def Info: Imagenes/Logo1.png  used on input line 19.
(pdftex.def)             Requested size: 68.90059pt x 56.9055pt.
<Imagenes/Logo2.jpeg, id=31, 186.6975pt x 186.6975pt>
File: Imagenes/Logo2.jpeg Graphic file (type jpg)
<use Imagenes/Logo2.jpeg>
Package pdftex.def Info: Imagenes/Logo2.jpeg  used on input line 19.
(pdftex.def)             Requested size: 56.90419pt x 56.9055pt.
<Imagenes/Logo3.png, id=32, 252.945pt x 150.5625pt>
File: Imagenes/Logo3.png Graphic file (type png)
<use Imagenes/Logo3.png>
Package pdftex.def Info: Imagenes/Logo3.png  used on input line 19.
(pdftex.def)             Requested size: 95.6029pt x 56.9055pt.

Overfull \hbox (22.04053pt too wide) has occurred while \output is active
 [][][][]  
 []

[1

{c:/texlive/2019/texmf-var/fonts/map/pdftex/updmap/pdftex.map} <./Imagenes/Logo
1.png> <./Imagenes/Logo2.jpeg> <./Imagenes/Logo3.png>] (./Presentacion.toc
LaTeX Info: Redefining \. on input line 1.
LaTeX Info: Redefining \% on input line 1.
)
Overfull \hbox (22.04053pt too wide) has occurred while \output is active
 [][][][]  
 []

[2

]
Overfull \hbox (22.04053pt too wide) has occurred while \output is active
 [][][][]  
 []

[3

] (./Presentacion.toc
LaTeX Info: Redefining \. on input line 1.
LaTeX Info: Redefining \% on input line 1.
)
Overfull \hbox (22.04053pt too wide) has occurred while \output is active
 [][][][]  
 []

[4

]
LaTeX Font Info:    Trying to load font information for U+msa on input line 37.

 (c:/texlive/2019/texmf-dist/tex/latex/amsfonts/umsa.fd
File: umsa.fd 2013/01/14 v3.01 AMS symbols A
)
LaTeX Font Info:    Trying to load font information for U+msb on input line 37.


(c:/texlive/2019/texmf-dist/tex/latex/amsfonts/umsb.fd
File: umsb.fd 2013/01/14 v3.01 AMS symbols B
)
LaTeX Font Info:    Trying to load font information for OT1+mathkerncmss on inp
ut line 37.

(c:/texlive/2019/texmf-dist/tex/latex/sansmathaccent/ot1mathkerncmss.fd
File: ot1mathkerncmss.fd 2020/01/31 Fontinst v1.933 font definitions for OT1/ma
thkerncmss.
)
Overfull \hbox (22.04053pt too wide) has occurred while \output is active
 [][][][]  
 []

[5

]
Overfull \hbox (22.04053pt too wide) has occurred while \output is active
 [][][][]  
 []

[6

]
Overfull \hbox (22.04053pt too wide) has occurred while \output is active
 [][][][]  
 []

[7

]
Overfull \hbox (22.04053pt too wide) has occurred while \output is active
 [][][][]  
 []

[8

]
Overfull \hbox (22.04053pt too wide) has occurred while \output is active
 [][][][]  
 []

[9

]
Overfull \hbox (22.04053pt too wide) has occurred while \output is active
 [][][][]  
 []

[10

]
Overfull \hbox (22.04053pt too wide) has occurred while \output is active
 [][][][]  
 []

[11

]
Overfull \hbox (22.04053pt too wide) has occurred while \output is active
 [][][][]  
 []

[12

]
Overfull \hbox (22.04053pt too wide) has occurred while \output is active
 [][][][]  
 []

[13

]
Overfull \hbox (22.04053pt too wide) has occurred while \output is active
 [][][][]  
 []

[14

]
Overfull \hbox (22.04053pt too wide) has occurred while \output is active
 [][][][]  
 []

[15

]
Overfull \hbox (22.04053pt too wide) has occurred while \output is active
 [][][][]  
 []

[16

]
Overfull \hbox (22.04053pt too wide) has occurred while \output is active
 [][][][]  
 []

[17

] (./Presentacion.toc
LaTeX Info: Redefining \. on input line 1.
LaTeX Info: Redefining \% on input line 1.
)
Overfull \hbox (22.04053pt too wide) has occurred while \output is active
 [][][][]  
 []

[18

]
<Frames/Imagen1.jpg, id=549, 1204.5pt x 903.375pt>
File: Frames/Imagen1.jpg Graphic file (type jpg)
<use Frames/Imagen1.jpg>
Package pdftex.def Info: Frames/Imagen1.jpg  used on input line 65.
(pdftex.def)             Requested size: 325.21935pt x 243.9145pt.

Overfull \hbox (22.04053pt too wide) has occurred while \output is active
 [][][][]  
 []

[19

 <./Frames/Imagen1.jpg>]
<Frames/Imagen2.jpg, id=577, 1204.5pt x 903.375pt>
File: Frames/Imagen2.jpg Graphic file (type jpg)
<use Frames/Imagen2.jpg>
Package pdftex.def Info: Frames/Imagen2.jpg  used on input line 70.
(pdftex.def)             Requested size: 325.21935pt x 243.9145pt.

Overfull \hbox (22.04053pt too wide) has occurred while \output is active
 [][][][]  
 []

[20

 <./Frames/Imagen2.jpg>]
<Frames/Imagen3.jpg, id=603, 1204.5pt x 903.375pt>
File: Frames/Imagen3.jpg Graphic file (type jpg)
<use Frames/Imagen3.jpg>
Package pdftex.def Info: Frames/Imagen3.jpg  used on input line 75.
(pdftex.def)             Requested size: 325.21935pt x 243.9145pt.

Overfull \hbox (22.04053pt too wide) has occurred while \output is active
 [][][][]  
 []

[21

 <./Frames/Imagen3.jpg>]
<Frames/Imagen4.jpg, id=629, 1204.5pt x 903.375pt>
File: Frames/Imagen4.jpg Graphic file (type jpg)
<use Frames/Imagen4.jpg>
Package pdftex.def Info: Frames/Imagen4.jpg  used on input line 80.
(pdftex.def)             Requested size: 325.21935pt x 243.9145pt.

Overfull \hbox (22.04053pt too wide) has occurred while \output is active
 [][][][]  
 []

[22

 <./Frames/Imagen4.jpg>]
<Frames/Imagen5.jpg, id=655, 1204.5pt x 903.375pt>
File: Frames/Imagen5.jpg Graphic file (type jpg)
<use Frames/Imagen5.jpg>
Package pdftex.def Info: Frames/Imagen5.jpg  used on input line 85.
(pdftex.def)             Requested size: 325.21935pt x 243.9145pt.

Overfull \hbox (22.04053pt too wide) has occurred while \output is active
 [][][][]  
 []

[23

 <./Frames/Imagen5.jpg>]
<Frames/Imagen6.jpg, id=683, 1204.5pt x 903.375pt>
File: Frames/Imagen6.jpg Graphic file (type jpg)
<use Frames/Imagen6.jpg>
Package pdftex.def Info: Frames/Imagen6.jpg  used on input line 90.
(pdftex.def)             Requested size: 325.21935pt x 243.9145pt.

Overfull \hbox (22.04053pt too wide) has occurred while \output is active
 [][][][]  
 []

[24

 <./Frames/Imagen6.jpg>]
<Frames/Imagen7.jpg, id=710, 1204.5pt x 903.375pt>
File: Frames/Imagen7.jpg Graphic file (type jpg)
<use Frames/Imagen7.jpg>
Package pdftex.def Info: Frames/Imagen7.jpg  used on input line 95.
(pdftex.def)             Requested size: 325.21935pt x 243.9145pt.

Overfull \hbox (22.04053pt too wide) has occurred while \output is active
 [][][][]  
 []

[25

 <./Frames/Imagen7.jpg>]
<Frames/Imagen8.jpg, id=738, 1204.5pt x 903.375pt>
File: Frames/Imagen8.jpg Graphic file (type jpg)
<use Frames/Imagen8.jpg>
Package pdftex.def Info: Frames/Imagen8.jpg  used on input line 100.
(pdftex.def)             Requested size: 325.21935pt x 243.9145pt.

Overfull \hbox (22.04053pt too wide) has occurred while \output is active
 [][][][]  
 []

[26

 <./Frames/Imagen8.jpg>]
<Frames/Imagen9.jpg, id=765, 1204.5pt x 903.375pt>
File: Frames/Imagen9.jpg Graphic file (type jpg)
<use Frames/Imagen9.jpg>
Package pdftex.def Info: Frames/Imagen9.jpg  used on input line 105.
(pdftex.def)             Requested size: 325.21935pt x 243.9145pt.

Overfull \hbox (22.04053pt too wide) has occurred while \output is active
 [][][][]  
 []

[27

 <./Frames/Imagen9.jpg>]
<Frames/Imagen10.jpg, id=793, 1204.5pt x 903.375pt>
File: Frames/Imagen10.jpg Graphic file (type jpg)
<use Frames/Imagen10.jpg>
Package pdftex.def Info: Frames/Imagen10.jpg  used on input line 110.
(pdftex.def)             Requested size: 325.21935pt x 243.9145pt.

Overfull \hbox (22.04053pt too wide) has occurred while \output is active
 [][][][]  
 []

[28

 <./Frames/Imagen10.jpg>]
<Frames/Imagen11.jpg, id=820, 1204.5pt x 903.375pt>
File: Frames/Imagen11.jpg Graphic file (type jpg)
<use Frames/Imagen11.jpg>
Package pdftex.def Info: Frames/Imagen11.jpg  used on input line 115.
(pdftex.def)             Requested size: 325.21935pt x 243.9145pt.

Overfull \hbox (22.04053pt too wide) has occurred while \output is active
 [][][][]  
 []

[29

 <./Frames/Imagen11.jpg>]
<Frames/Imagen12.jpg, id=847, 1204.5pt x 903.375pt>
File: Frames/Imagen12.jpg Graphic file (type jpg)
<use Frames/Imagen12.jpg>
Package pdftex.def Info: Frames/Imagen12.jpg  used on input line 120.
(pdftex.def)             Requested size: 325.21935pt x 243.9145pt.

Overfull \hbox (22.04053pt too wide) has occurred while \output is active
 [][][][]  
 []

[30

 <./Frames/Imagen12.jpg>]
<Frames/Imagen13.jpg, id=874, 1204.5pt x 903.375pt>
File: Frames/Imagen13.jpg Graphic file (type jpg)
<use Frames/Imagen13.jpg>
Package pdftex.def Info: Frames/Imagen13.jpg  used on input line 125.
(pdftex.def)             Requested size: 325.21935pt x 243.9145pt.

Overfull \hbox (22.04053pt too wide) has occurred while \output is active
 [][][][]  
 []

[31

 <./Frames/Imagen13.jpg>]
<Frames/Imagen14.jpg, id=903, 1204.5pt x 903.375pt>
File: Frames/Imagen14.jpg Graphic file (type jpg)
<use Frames/Imagen14.jpg>
Package pdftex.def Info: Frames/Imagen14.jpg  used on input line 130.
(pdftex.def)             Requested size: 325.21935pt x 243.9145pt.

Overfull \hbox (22.04053pt too wide) has occurred while \output is active
 [][][][]  
 []

[32

 <./Frames/Imagen14.jpg>]
<Frames/Imagen15.jpg, id=930, 1204.5pt x 903.375pt>
File: Frames/Imagen15.jpg Graphic file (type jpg)
<use Frames/Imagen15.jpg>
Package pdftex.def Info: Frames/Imagen15.jpg  used on input line 135.
(pdftex.def)             Requested size: 325.21935pt x 243.9145pt.

Overfull \hbox (22.04053pt too wide) has occurred while \output is active
 [][][][]  
 []

[33

 <./Frames/Imagen15.jpg>]
<Frames/Imagen16.jpg, id=957, 1204.5pt x 903.375pt>
File: Frames/Imagen16.jpg Graphic file (type jpg)
<use Frames/Imagen16.jpg>
Package pdftex.def Info: Frames/Imagen16.jpg  used on input line 140.
(pdftex.def)             Requested size: 325.21935pt x 243.9145pt.

Overfull \hbox (22.04053pt too wide) has occurred while \output is active
 [][][][]  
 []

[34

 <./Frames/Imagen16.jpg>]
<Frames/Imagen17.jpg, id=984, 1204.5pt x 903.375pt>
File: Frames/Imagen17.jpg Graphic file (type jpg)
<use Frames/Imagen17.jpg>
Package pdftex.def Info: Frames/Imagen17.jpg  used on input line 145.
(pdftex.def)             Requested size: 325.21935pt x 243.9145pt.

Overfull \hbox (22.04053pt too wide) has occurred while \output is active
 [][][][]  
 []

[35

 <./Frames/Imagen17.jpg>]
<Frames/Imagen18.jpg, id=1012, 1204.5pt x 903.375pt>
File: Frames/Imagen18.jpg Graphic file (type jpg)
<use Frames/Imagen18.jpg>
Package pdftex.def Info: Frames/Imagen18.jpg  used on input line 150.
(pdftex.def)             Requested size: 325.21935pt x 243.9145pt.

Overfull \hbox (22.04053pt too wide) has occurred while \output is active
 [][][][]  
 []

[36

 <./Frames/Imagen18.jpg>]
<Frames/Imagen19.jpg, id=1039, 1204.5pt x 903.375pt>
File: Frames/Imagen19.jpg Graphic file (type jpg)
<use Frames/Imagen19.jpg>
Package pdftex.def Info: Frames/Imagen19.jpg  used on input line 155.
(pdftex.def)             Requested size: 325.21935pt x 243.9145pt.

Overfull \hbox (22.04053pt too wide) has occurred while \output is active
 [][][][]  
 []

[37

 <./Frames/Imagen19.jpg>]
<Frames/Imagen20.jpg, id=1067, 1204.5pt x 903.375pt>
File: Frames/Imagen20.jpg Graphic file (type jpg)
<use Frames/Imagen20.jpg>
Package pdftex.def Info: Frames/Imagen20.jpg  used on input line 160.
(pdftex.def)             Requested size: 325.21935pt x 243.9145pt.

Overfull \hbox (22.04053pt too wide) has occurred while \output is active
 [][][][]  
 []

[38

 <./Frames/Imagen20.jpg>]
<Frames/Imagen21.jpg, id=1094, 1204.5pt x 903.375pt>
File: Frames/Imagen21.jpg Graphic file (type jpg)
<use Frames/Imagen21.jpg>
Package pdftex.def Info: Frames/Imagen21.jpg  used on input line 165.
(pdftex.def)             Requested size: 325.21935pt x 243.9145pt.

Overfull \hbox (22.04053pt too wide) has occurred while \output is active
 [][][][]  
 []

[39

 <./Frames/Imagen21.jpg>]
<Frames/Imagen22.jpg, id=1122, 1204.5pt x 903.375pt>
File: Frames/Imagen22.jpg Graphic file (type jpg)
<use Frames/Imagen22.jpg>
Package pdftex.def Info: Frames/Imagen22.jpg  used on input line 170.
(pdftex.def)             Requested size: 325.21935pt x 243.9145pt.

Overfull \hbox (22.04053pt too wide) has occurred while \output is active
 [][][][]  
 []

[40

 <./Frames/Imagen22.jpg>]
<Frames/Imagen23.jpg, id=1149, 1204.5pt x 903.375pt>
File: Frames/Imagen23.jpg Graphic file (type jpg)
<use Frames/Imagen23.jpg>
Package pdftex.def Info: Frames/Imagen23.jpg  used on input line 175.
(pdftex.def)             Requested size: 325.21935pt x 243.9145pt.

Overfull \hbox (22.04053pt too wide) has occurred while \output is active
 [][][][]  
 []

[41

 <./Frames/Imagen23.jpg>]
<Frames/Imagen24.jpg, id=1176, 1204.5pt x 903.375pt>
File: Frames/Imagen24.jpg Graphic file (type jpg)
<use Frames/Imagen24.jpg>
Package pdftex.def Info: Frames/Imagen24.jpg  used on input line 180.
(pdftex.def)             Requested size: 325.21935pt x 243.9145pt.

Overfull \hbox (22.04053pt too wide) has occurred while \output is active
 [][][][]  
 []

[42

 <./Frames/Imagen24.jpg>]
<Frames/Imagen25.jpg, id=1203, 1204.5pt x 903.375pt>
File: Frames/Imagen25.jpg Graphic file (type jpg)
<use Frames/Imagen25.jpg>
Package pdftex.def Info: Frames/Imagen25.jpg  used on input line 185.
(pdftex.def)             Requested size: 325.21935pt x 243.9145pt.

Overfull \hbox (22.04053pt too wide) has occurred while \output is active
 [][][][]  
 []

[43

 <./Frames/Imagen25.jpg>]
<Frames/Imagen26.jpg, id=1232, 1204.5pt x 903.375pt>
File: Frames/Imagen26.jpg Graphic file (type jpg)
<use Frames/Imagen26.jpg>
Package pdftex.def Info: Frames/Imagen26.jpg  used on input line 190.
(pdftex.def)             Requested size: 325.21935pt x 243.9145pt.

Overfull \hbox (22.04053pt too wide) has occurred while \output is active
 [][][][]  
 []

[44

 <./Frames/Imagen26.jpg>]
<Frames/Imagen27.jpg, id=1259, 1204.5pt x 903.375pt>
File: Frames/Imagen27.jpg Graphic file (type jpg)
<use Frames/Imagen27.jpg>
Package pdftex.def Info: Frames/Imagen27.jpg  used on input line 195.
(pdftex.def)             Requested size: 325.21935pt x 243.9145pt.

Overfull \hbox (22.04053pt too wide) has occurred while \output is active
 [][][][]  
 []

[45

 <./Frames/Imagen27.jpg>]
<Frames/Imagen28.jpg, id=1286, 1204.5pt x 903.375pt>
File: Frames/Imagen28.jpg Graphic file (type jpg)
<use Frames/Imagen28.jpg>
Package pdftex.def Info: Frames/Imagen28.jpg  used on input line 200.
(pdftex.def)             Requested size: 325.21935pt x 243.9145pt.

Overfull \hbox (22.04053pt too wide) has occurred while \output is active
 [][][][]  
 []

[46

 <./Frames/Imagen28.jpg>]
<Frames/Imagen29.jpg, id=1313, 1204.5pt x 903.375pt>
File: Frames/Imagen29.jpg Graphic file (type jpg)
<use Frames/Imagen29.jpg>
Package pdftex.def Info: Frames/Imagen29.jpg  used on input line 205.
(pdftex.def)             Requested size: 325.21935pt x 243.9145pt.

Overfull \hbox (22.04053pt too wide) has occurred while \output is active
 [][][][]  
 []

[47

 <./Frames/Imagen29.jpg>]
<Frames/Imagen30.jpg, id=1341, 1204.5pt x 903.375pt>
File: Frames/Imagen30.jpg Graphic file (type jpg)
<use Frames/Imagen30.jpg>
Package pdftex.def Info: Frames/Imagen30.jpg  used on input line 210.
(pdftex.def)             Requested size: 325.21935pt x 243.9145pt.

Overfull \hbox (22.04053pt too wide) has occurred while \output is active
 [][][][]  
 []

[48

 <./Frames/Imagen30.jpg>]
<Frames/Imagen31.jpg, id=1368, 1204.5pt x 903.375pt>
File: Frames/Imagen31.jpg Graphic file (type jpg)
<use Frames/Imagen31.jpg>
Package pdftex.def Info: Frames/Imagen31.jpg  used on input line 215.
(pdftex.def)             Requested size: 325.21935pt x 243.9145pt.

Overfull \hbox (22.04053pt too wide) has occurred while \output is active
 [][][][]  
 []

[49

 <./Frames/Imagen31.jpg>]
<Frames/Imagen32.jpg, id=1396, 1204.5pt x 903.375pt>
File: Frames/Imagen32.jpg Graphic file (type jpg)
<use Frames/Imagen32.jpg>
Package pdftex.def Info: Frames/Imagen32.jpg  used on input line 220.
(pdftex.def)             Requested size: 325.21935pt x 243.9145pt.

Overfull \hbox (22.04053pt too wide) has occurred while \output is active
 [][][][]  
 []

[50

 <./Frames/Imagen32.jpg>]
<Frames/Imagen33.jpg, id=1423, 1204.5pt x 903.375pt>
File: Frames/Imagen33.jpg Graphic file (type jpg)
<use Frames/Imagen33.jpg>
Package pdftex.def Info: Frames/Imagen33.jpg  used on input line 225.
(pdftex.def)             Requested size: 325.21935pt x 243.9145pt.

Overfull \hbox (22.04053pt too wide) has occurred while \output is active
 [][][][]  
 []

[51

 <./Frames/Imagen33.jpg>]
<Frames/Imagen34.jpg, id=1451, 1204.5pt x 903.375pt>
File: Frames/Imagen34.jpg Graphic file (type jpg)
<use Frames/Imagen34.jpg>
Package pdftex.def Info: Frames/Imagen34.jpg  used on input line 230.
(pdftex.def)             Requested size: 325.21935pt x 243.9145pt.

Overfull \hbox (22.04053pt too wide) has occurred while \output is active
 [][][][]  
 []

[52

 <./Frames/Imagen34.jpg>]
<Frames/Imagen35.jpg, id=1478, 1204.5pt x 903.375pt>
File: Frames/Imagen35.jpg Graphic file (type jpg)
<use Frames/Imagen35.jpg>
Package pdftex.def Info: Frames/Imagen35.jpg  used on input line 235.
(pdftex.def)             Requested size: 325.21935pt x 243.9145pt.

Overfull \hbox (22.04053pt too wide) has occurred while \output is active
 [][][][]  
 []

[53

 <./Frames/Imagen35.jpg>]
<Frames/Imagen36.jpg, id=1505, 1204.5pt x 903.375pt>
File: Frames/Imagen36.jpg Graphic file (type jpg)
<use Frames/Imagen36.jpg>
Package pdftex.def Info: Frames/Imagen36.jpg  used on input line 240.
(pdftex.def)             Requested size: 325.21935pt x 243.9145pt.

Overfull \hbox (22.04053pt too wide) has occurred while \output is active
 [][][][]  
 []

[54

 <./Frames/Imagen36.jpg>]
<Frames/Imagen37.jpg, id=1532, 1204.5pt x 903.375pt>
File: Frames/Imagen37.jpg Graphic file (type jpg)
<use Frames/Imagen37.jpg>
Package pdftex.def Info: Frames/Imagen37.jpg  used on input line 245.
(pdftex.def)             Requested size: 325.21935pt x 243.9145pt.

Overfull \hbox (22.04053pt too wide) has occurred while \output is active
 [][][][]  
 []

[55

 <./Frames/Imagen37.jpg>]
<Frames/Imagen38.jpg, id=1561, 1204.5pt x 903.375pt>
File: Frames/Imagen38.jpg Graphic file (type jpg)
<use Frames/Imagen38.jpg>
Package pdftex.def Info: Frames/Imagen38.jpg  used on input line 250.
(pdftex.def)             Requested size: 325.21935pt x 243.9145pt.

Overfull \hbox (22.04053pt too wide) has occurred while \output is active
 [][][][]  
 []

[56

 <./Frames/Imagen38.jpg>]
<Frames/Imagen39.jpg, id=1588, 1204.5pt x 903.375pt>
File: Frames/Imagen39.jpg Graphic file (type jpg)
<use Frames/Imagen39.jpg>
Package pdftex.def Info: Frames/Imagen39.jpg  used on input line 255.
(pdftex.def)             Requested size: 325.21935pt x 243.9145pt.

Overfull \hbox (22.04053pt too wide) has occurred while \output is active
 [][][][]  
 []

[57

 <./Frames/Imagen39.jpg>]
<Frames/Imagen40.jpg, id=1615, 1204.5pt x 903.375pt>
File: Frames/Imagen40.jpg Graphic file (type jpg)
<use Frames/Imagen40.jpg>
Package pdftex.def Info: Frames/Imagen40.jpg  used on input line 260.
(pdftex.def)             Requested size: 325.21935pt x 243.9145pt.

Overfull \hbox (22.04053pt too wide) has occurred while \output is active
 [][][][]  
 []

[58

 <./Frames/Imagen40.jpg>]
<Frames/Imagen41.jpg, id=1642, 1204.5pt x 903.375pt>
File: Frames/Imagen41.jpg Graphic file (type jpg)
<use Frames/Imagen41.jpg>
Package pdftex.def Info: Frames/Imagen41.jpg  used on input line 265.
(pdftex.def)             Requested size: 325.21935pt x 243.9145pt.

Overfull \hbox (22.04053pt too wide) has occurred while \output is active
 [][][][]  
 []

[59

 <./Frames/Imagen41.jpg>]
<Frames/Imagen42.jpg, id=1670, 1204.5pt x 903.375pt>
File: Frames/Imagen42.jpg Graphic file (type jpg)
<use Frames/Imagen42.jpg>
Package pdftex.def Info: Frames/Imagen42.jpg  used on input line 270.
(pdftex.def)             Requested size: 325.21935pt x 243.9145pt.

Overfull \hbox (22.04053pt too wide) has occurred while \output is active
 [][][][]  
 []

[60

 <./Frames/Imagen42.jpg>]
<Frames/Imagen43.jpg, id=1697, 1204.5pt x 903.375pt>
File: Frames/Imagen43.jpg Graphic file (type jpg)
<use Frames/Imagen43.jpg>
Package pdftex.def Info: Frames/Imagen43.jpg  used on input line 275.
(pdftex.def)             Requested size: 325.21935pt x 243.9145pt.

Overfull \hbox (22.04053pt too wide) has occurred while \output is active
 [][][][]  
 []

[61

 <./Frames/Imagen43.jpg>]
<Frames/Imagen44.jpg, id=1725, 1204.5pt x 903.375pt>
File: Frames/Imagen44.jpg Graphic file (type jpg)
<use Frames/Imagen44.jpg>
Package pdftex.def Info: Frames/Imagen44.jpg  used on input line 280.
(pdftex.def)             Requested size: 325.21935pt x 243.9145pt.

Overfull \hbox (22.04053pt too wide) has occurred while \output is active
 [][][][]  
 []

[62

 <./Frames/Imagen44.jpg>]
<Frames/Imagen45.jpg, id=1752, 1204.5pt x 903.375pt>
File: Frames/Imagen45.jpg Graphic file (type jpg)
<use Frames/Imagen45.jpg>
Package pdftex.def Info: Frames/Imagen45.jpg  used on input line 285.
(pdftex.def)             Requested size: 325.21935pt x 243.9145pt.

Overfull \hbox (22.04053pt too wide) has occurred while \output is active
 [][][][]  
 []

[63

 <./Frames/Imagen45.jpg>]
<Frames/Imagen46.jpg, id=1780, 1204.5pt x 903.375pt>
File: Frames/Imagen46.jpg Graphic file (type jpg)
<use Frames/Imagen46.jpg>
Package pdftex.def Info: Frames/Imagen46.jpg  used on input line 290.
(pdftex.def)             Requested size: 325.21935pt x 243.9145pt.

Overfull \hbox (22.04053pt too wide) has occurred while \output is active
 [][][][]  
 []

[64

 <./Frames/Imagen46.jpg>]
<Frames/Imagen47.jpg, id=1807, 1204.5pt x 903.375pt>
File: Frames/Imagen47.jpg Graphic file (type jpg)
<use Frames/Imagen47.jpg>
Package pdftex.def Info: Frames/Imagen47.jpg  used on input line 295.
(pdftex.def)             Requested size: 325.21935pt x 243.9145pt.

Overfull \hbox (22.04053pt too wide) has occurred while \output is active
 [][][][]  
 []

[65

 <./Frames/Imagen47.jpg>]
<Frames/Imagen48.jpg, id=1834, 1204.5pt x 903.375pt>
File: Frames/Imagen48.jpg Graphic file (type jpg)
<use Frames/Imagen48.jpg>
Package pdftex.def Info: Frames/Imagen48.jpg  used on input line 300.
(pdftex.def)             Requested size: 325.21935pt x 243.9145pt.

Overfull \hbox (22.04053pt too wide) has occurred while \output is active
 [][][][]  
 []

[66

 <./Frames/Imagen48.jpg>]
<Frames/Imagen49.jpg, id=1861, 1204.5pt x 903.375pt>
File: Frames/Imagen49.jpg Graphic file (type jpg)
<use Frames/Imagen49.jpg>
Package pdftex.def Info: Frames/Imagen49.jpg  used on input line 305.
(pdftex.def)             Requested size: 325.21935pt x 243.9145pt.

Overfull \hbox (22.04053pt too wide) has occurred while \output is active
 [][][][]  
 []

[67

 <./Frames/Imagen49.jpg>]
<Frames/Imagen50.jpg, id=1890, 1204.5pt x 903.375pt>
File: Frames/Imagen50.jpg Graphic file (type jpg)
<use Frames/Imagen50.jpg>
Package pdftex.def Info: Frames/Imagen50.jpg  used on input line 310.
(pdftex.def)             Requested size: 325.21935pt x 243.9145pt.

Overfull \hbox (22.04053pt too wide) has occurred while \output is active
 [][][][]  
 []

[68

 <./Frames/Imagen50.jpg>]
<Frames/Imagen51.jpg, id=1917, 1204.5pt x 903.375pt>
File: Frames/Imagen51.jpg Graphic file (type jpg)
<use Frames/Imagen51.jpg>
Package pdftex.def Info: Frames/Imagen51.jpg  used on input line 315.
(pdftex.def)             Requested size: 325.21935pt x 243.9145pt.

Overfull \hbox (22.04053pt too wide) has occurred while \output is active
 [][][][]  
 []

[69

 <./Frames/Imagen51.jpg>]
<Frames/Imagen52.jpg, id=1944, 1204.5pt x 903.375pt>
File: Frames/Imagen52.jpg Graphic file (type jpg)
<use Frames/Imagen52.jpg>
Package pdftex.def Info: Frames/Imagen52.jpg  used on input line 320.
(pdftex.def)             Requested size: 325.21935pt x 243.9145pt.

Overfull \hbox (22.04053pt too wide) has occurred while \output is active
 [][][][]  
 []

[70

 <./Frames/Imagen52.jpg>]
<Frames/Imagen53.jpg, id=1971, 1204.5pt x 903.375pt>
File: Frames/Imagen53.jpg Graphic file (type jpg)
<use Frames/Imagen53.jpg>
Package pdftex.def Info: Frames/Imagen53.jpg  used on input line 325.
(pdftex.def)             Requested size: 325.21935pt x 243.9145pt.

Overfull \hbox (22.04053pt too wide) has occurred while \output is active
 [][][][]  
 []

[71

 <./Frames/Imagen53.jpg>]
<Frames/Imagen54.jpg, id=1999, 1204.5pt x 903.375pt>
File: Frames/Imagen54.jpg Graphic file (type jpg)
<use Frames/Imagen54.jpg>
Package pdftex.def Info: Frames/Imagen54.jpg  used on input line 330.
(pdftex.def)             Requested size: 325.21935pt x 243.9145pt.

Overfull \hbox (22.04053pt too wide) has occurred while \output is active
 [][][][]  
 []

[72

 <./Frames/Imagen54.jpg>]
<Frames/Imagen55.jpg, id=2026, 1204.5pt x 903.375pt>
File: Frames/Imagen55.jpg Graphic file (type jpg)
<use Frames/Imagen55.jpg>
Package pdftex.def Info: Frames/Imagen55.jpg  used on input line 335.
(pdftex.def)             Requested size: 325.21935pt x 243.9145pt.

Overfull \hbox (22.04053pt too wide) has occurred while \output is active
 [][][][]  
 []

[73

 <./Frames/Imagen55.jpg>]
<Frames/Imagen56.jpg, id=2054, 1204.5pt x 903.375pt>
File: Frames/Imagen56.jpg Graphic file (type jpg)
<use Frames/Imagen56.jpg>
Package pdftex.def Info: Frames/Imagen56.jpg  used on input line 340.
(pdftex.def)             Requested size: 325.21935pt x 243.9145pt.

Overfull \hbox (22.04053pt too wide) has occurred while \output is active
 [][][][]  
 []

[74

 <./Frames/Imagen56.jpg>]
<Frames/Imagen57.jpg, id=2081, 1204.5pt x 903.375pt>
File: Frames/Imagen57.jpg Graphic file (type jpg)
<use Frames/Imagen57.jpg>
Package pdftex.def Info: Frames/Imagen57.jpg  used on input line 345.
(pdftex.def)             Requested size: 325.21935pt x 243.9145pt.

Overfull \hbox (22.04053pt too wide) has occurred while \output is active
 [][][][]  
 []

[75

 <./Frames/Imagen57.jpg>]
<Frames/Imagen58.jpg, id=2109, 1204.5pt x 903.375pt>
File: Frames/Imagen58.jpg Graphic file (type jpg)
<use Frames/Imagen58.jpg>
Package pdftex.def Info: Frames/Imagen58.jpg  used on input line 350.
(pdftex.def)             Requested size: 325.21935pt x 243.9145pt.

Overfull \hbox (22.04053pt too wide) has occurred while \output is active
 [][][][]  
 []

[76

 <./Frames/Imagen58.jpg>]
<Frames/Imagen59.jpg, id=2136, 1204.5pt x 903.375pt>
File: Frames/Imagen59.jpg Graphic file (type jpg)
<use Frames/Imagen59.jpg>
Package pdftex.def Info: Frames/Imagen59.jpg  used on input line 355.
(pdftex.def)             Requested size: 325.21935pt x 243.9145pt.

Overfull \hbox (22.04053pt too wide) has occurred while \output is active
 [][][][]  
 []

[77

 <./Frames/Imagen59.jpg>]
<Frames/Imagen60.jpg, id=2163, 1204.5pt x 903.375pt>
File: Frames/Imagen60.jpg Graphic file (type jpg)
<use Frames/Imagen60.jpg>
Package pdftex.def Info: Frames/Imagen60.jpg  used on input line 360.
(pdftex.def)             Requested size: 325.21935pt x 243.9145pt.

Overfull \hbox (22.04053pt too wide) has occurred while \output is active
 [][][][]  
 []

[78

 <./Frames/Imagen60.jpg>]
<Frames/Imagen61.jpg, id=2190, 1204.5pt x 903.375pt>
File: Frames/Imagen61.jpg Graphic file (type jpg)
<use Frames/Imagen61.jpg>
Package pdftex.def Info: Frames/Imagen61.jpg  used on input line 365.
(pdftex.def)             Requested size: 325.21935pt x 243.9145pt.

Overfull \hbox (22.04053pt too wide) has occurred while \output is active
 [][][][]  
 []

[79

 <./Frames/Imagen61.jpg>]
<Frames/Imagen62.jpg, id=2219, 1204.5pt x 903.375pt>
File: Frames/Imagen62.jpg Graphic file (type jpg)
<use Frames/Imagen62.jpg>
Package pdftex.def Info: Frames/Imagen62.jpg  used on input line 370.
(pdftex.def)             Requested size: 325.21935pt x 243.9145pt.

Overfull \hbox (22.04053pt too wide) has occurred while \output is active
 [][][][]  
 []

[80

 <./Frames/Imagen62.jpg>]
<Frames/Imagen63.jpg, id=2246, 1204.5pt x 903.375pt>
File: Frames/Imagen63.jpg Graphic file (type jpg)
<use Frames/Imagen63.jpg>
Package pdftex.def Info: Frames/Imagen63.jpg  used on input line 375.
(pdftex.def)             Requested size: 325.21935pt x 243.9145pt.

Overfull \hbox (22.04053pt too wide) has occurred while \output is active
 [][][][]  
 []

[81

 <./Frames/Imagen63.jpg>]
<Frames/Imagen64.jpg, id=2273, 1204.5pt x 903.375pt>
File: Frames/Imagen64.jpg Graphic file (type jpg)
<use Frames/Imagen64.jpg>
Package pdftex.def Info: Frames/Imagen64.jpg  used on input line 380.
(pdftex.def)             Requested size: 325.21935pt x 243.9145pt.

Overfull \hbox (22.04053pt too wide) has occurred while \output is active
 [][][][]  
 []

[82

 <./Frames/Imagen64.jpg>]
<Frames/Imagen65.jpg, id=2300, 1204.5pt x 903.375pt>
File: Frames/Imagen65.jpg Graphic file (type jpg)
<use Frames/Imagen65.jpg>
Package pdftex.def Info: Frames/Imagen65.jpg  used on input line 385.
(pdftex.def)             Requested size: 325.21935pt x 243.9145pt.

Overfull \hbox (22.04053pt too wide) has occurred while \output is active
 [][][][]  
 []

[83

 <./Frames/Imagen65.jpg>]
<Frames/Imagen66.jpg, id=2328, 1204.5pt x 903.375pt>
File: Frames/Imagen66.jpg Graphic file (type jpg)
<use Frames/Imagen66.jpg>
Package pdftex.def Info: Frames/Imagen66.jpg  used on input line 390.
(pdftex.def)             Requested size: 325.21935pt x 243.9145pt.

Overfull \hbox (22.04053pt too wide) has occurred while \output is active
 [][][][]  
 []

[84

 <./Frames/Imagen66.jpg>]
<Frames/Imagen67.jpg, id=2355, 1204.5pt x 903.375pt>
File: Frames/Imagen67.jpg Graphic file (type jpg)
<use Frames/Imagen67.jpg>
Package pdftex.def Info: Frames/Imagen67.jpg  used on input line 395.
(pdftex.def)             Requested size: 325.21935pt x 243.9145pt.

Overfull \hbox (22.04053pt too wide) has occurred while \output is active
 [][][][]  
 []

[85

 <./Frames/Imagen67.jpg>]
<Frames/Imagen68.jpg, id=2383, 1204.5pt x 903.375pt>
File: Frames/Imagen68.jpg Graphic file (type jpg)
<use Frames/Imagen68.jpg>
Package pdftex.def Info: Frames/Imagen68.jpg  used on input line 400.
(pdftex.def)             Requested size: 325.21935pt x 243.9145pt.

Overfull \hbox (22.04053pt too wide) has occurred while \output is active
 [][][][]  
 []

[86

 <./Frames/Imagen68.jpg>]
<Frames/Imagen69.jpg, id=2410, 1204.5pt x 903.375pt>
File: Frames/Imagen69.jpg Graphic file (type jpg)
<use Frames/Imagen69.jpg>
Package pdftex.def Info: Frames/Imagen69.jpg  used on input line 405.
(pdftex.def)             Requested size: 325.21935pt x 243.9145pt.

Overfull \hbox (22.04053pt too wide) has occurred while \output is active
 [][][][]  
 []

[87

 <./Frames/Imagen69.jpg>]
<Frames/Imagen70.jpg, id=2438, 1204.5pt x 903.375pt>
File: Frames/Imagen70.jpg Graphic file (type jpg)
<use Frames/Imagen70.jpg>
Package pdftex.def Info: Frames/Imagen70.jpg  used on input line 410.
(pdftex.def)             Requested size: 325.21935pt x 243.9145pt.

Overfull \hbox (22.04053pt too wide) has occurred while \output is active
 [][][][]  
 []

[88

 <./Frames/Imagen70.jpg>]
<Frames/Imagen71.jpg, id=2465, 1204.5pt x 903.375pt>
File: Frames/Imagen71.jpg Graphic file (type jpg)
<use Frames/Imagen71.jpg>
Package pdftex.def Info: Frames/Imagen71.jpg  used on input line 415.
(pdftex.def)             Requested size: 325.21935pt x 243.9145pt.

Overfull \hbox (22.04053pt too wide) has occurred while \output is active
 [][][][]  
 []

[89

 <./Frames/Imagen71.jpg>]
<Frames/Imagen72.jpg, id=2492, 1204.5pt x 903.375pt>
File: Frames/Imagen72.jpg Graphic file (type jpg)
<use Frames/Imagen72.jpg>
Package pdftex.def Info: Frames/Imagen72.jpg  used on input line 420.
(pdftex.def)             Requested size: 325.21935pt x 243.9145pt.

Overfull \hbox (22.04053pt too wide) has occurred while \output is active
 [][][][]  
 []

[90

 <./Frames/Imagen72.jpg>]
<Frames/Imagen73.jpg, id=2519, 1204.5pt x 903.375pt>
File: Frames/Imagen73.jpg Graphic file (type jpg)
<use Frames/Imagen73.jpg>
Package pdftex.def Info: Frames/Imagen73.jpg  used on input line 425.
(pdftex.def)             Requested size: 325.21935pt x 243.9145pt.

Overfull \hbox (22.04053pt too wide) has occurred while \output is active
 [][][][]  
 []

[91

 <./Frames/Imagen73.jpg>]
<Frames/Imagen74.jpg, id=2548, 1204.5pt x 903.375pt>
File: Frames/Imagen74.jpg Graphic file (type jpg)
<use Frames/Imagen74.jpg>
Package pdftex.def Info: Frames/Imagen74.jpg  used on input line 430.
(pdftex.def)             Requested size: 325.21935pt x 243.9145pt.

Overfull \hbox (22.04053pt too wide) has occurred while \output is active
 [][][][]  
 []

[92

 <./Frames/Imagen74.jpg>]
<Frames/Imagen75.jpg, id=2575, 1204.5pt x 903.375pt>
File: Frames/Imagen75.jpg Graphic file (type jpg)
<use Frames/Imagen75.jpg>
Package pdftex.def Info: Frames/Imagen75.jpg  used on input line 435.
(pdftex.def)             Requested size: 325.21935pt x 243.9145pt.

Overfull \hbox (22.04053pt too wide) has occurred while \output is active
 [][][][]  
 []

[93

 <./Frames/Imagen75.jpg>]
<Frames/Imagen76.jpg, id=2602, 1204.5pt x 903.375pt>
File: Frames/Imagen76.jpg Graphic file (type jpg)
<use Frames/Imagen76.jpg>
Package pdftex.def Info: Frames/Imagen76.jpg  used on input line 440.
(pdftex.def)             Requested size: 325.21935pt x 243.9145pt.

Overfull \hbox (22.04053pt too wide) has occurred while \output is active
 [][][][]  
 []

[94

 <./Frames/Imagen76.jpg>]
<Frames/Imagen77.jpg, id=2629, 1204.5pt x 903.375pt>
File: Frames/Imagen77.jpg Graphic file (type jpg)
<use Frames/Imagen77.jpg>
Package pdftex.def Info: Frames/Imagen77.jpg  used on input line 445.
(pdftex.def)             Requested size: 325.21935pt x 243.9145pt.

Overfull \hbox (22.04053pt too wide) has occurred while \output is active
 [][][][]  
 []

[95

 <./Frames/Imagen77.jpg>]
<Frames/Imagen78.jpg, id=2657, 1204.5pt x 903.375pt>
File: Frames/Imagen78.jpg Graphic file (type jpg)
<use Frames/Imagen78.jpg>
Package pdftex.def Info: Frames/Imagen78.jpg  used on input line 450.
(pdftex.def)             Requested size: 325.21935pt x 243.9145pt.

Overfull \hbox (22.04053pt too wide) has occurred while \output is active
 [][][][]  
 []

[96

 <./Frames/Imagen78.jpg>]
<Frames/Imagen79.jpg, id=2684, 1204.5pt x 903.375pt>
File: Frames/Imagen79.jpg Graphic file (type jpg)
<use Frames/Imagen79.jpg>
Package pdftex.def Info: Frames/Imagen79.jpg  used on input line 455.
(pdftex.def)             Requested size: 325.21935pt x 243.9145pt.

Overfull \hbox (22.04053pt too wide) has occurred while \output is active
 [][][][]  
 []

[97

 <./Frames/Imagen79.jpg>]
<Frames/Imagen80.jpg, id=2712, 1204.5pt x 903.375pt>
File: Frames/Imagen80.jpg Graphic file (type jpg)
<use Frames/Imagen80.jpg>
Package pdftex.def Info: Frames/Imagen80.jpg  used on input line 460.
(pdftex.def)             Requested size: 325.21935pt x 243.9145pt.

Overfull \hbox (22.04053pt too wide) has occurred while \output is active
 [][][][]  
 []

[98

 <./Frames/Imagen80.jpg>]
<Frames/Imagen81.jpg, id=2739, 1204.5pt x 903.375pt>
File: Frames/Imagen81.jpg Graphic file (type jpg)
<use Frames/Imagen81.jpg>
Package pdftex.def Info: Frames/Imagen81.jpg  used on input line 465.
(pdftex.def)             Requested size: 325.21935pt x 243.9145pt.

Overfull \hbox (22.04053pt too wide) has occurred while \output is active
 [][][][]  
 []

[99

 <./Frames/Imagen81.jpg>]
<Frames/Imagen82.jpg, id=2767, 1204.5pt x 903.375pt>
File: Frames/Imagen82.jpg Graphic file (type jpg)
<use Frames/Imagen82.jpg>
Package pdftex.def Info: Frames/Imagen82.jpg  used on input line 470.
(pdftex.def)             Requested size: 325.21935pt x 243.9145pt.

Overfull \hbox (22.04053pt too wide) has occurred while \output is active
 [][][][]  
 []

[100

 <./Frames/Imagen82.jpg>]
<Frames/Imagen83.jpg, id=2794, 1204.5pt x 903.375pt>
File: Frames/Imagen83.jpg Graphic file (type jpg)
<use Frames/Imagen83.jpg>
Package pdftex.def Info: Frames/Imagen83.jpg  used on input line 475.
(pdftex.def)             Requested size: 325.21935pt x 243.9145pt.

Overfull \hbox (22.04053pt too wide) has occurred while \output is active
 [][][][]  
 []

[101

 <./Frames/Imagen83.jpg>]
<Frames/Imagen84.jpg, id=2821, 1204.5pt x 903.375pt>
File: Frames/Imagen84.jpg Graphic file (type jpg)
<use Frames/Imagen84.jpg>
Package pdftex.def Info: Frames/Imagen84.jpg  used on input line 480.
(pdftex.def)             Requested size: 325.21935pt x 243.9145pt.

Overfull \hbox (22.04053pt too wide) has occurred while \output is active
 [][][][]  
 []

[102

 <./Frames/Imagen84.jpg>]
<Frames/Imagen85.jpg, id=2848, 1204.5pt x 903.375pt>
File: Frames/Imagen85.jpg Graphic file (type jpg)
<use Frames/Imagen85.jpg>
Package pdftex.def Info: Frames/Imagen85.jpg  used on input line 485.
(pdftex.def)             Requested size: 325.21935pt x 243.9145pt.

Overfull \hbox (22.04053pt too wide) has occurred while \output is active
 [][][][]  
 []

[103

 <./Frames/Imagen85.jpg>]
<Frames/Imagen86.jpg, id=2877, 1204.5pt x 903.375pt>
File: Frames/Imagen86.jpg Graphic file (type jpg)
<use Frames/Imagen86.jpg>
Package pdftex.def Info: Frames/Imagen86.jpg  used on input line 490.
(pdftex.def)             Requested size: 325.21935pt x 243.9145pt.

Overfull \hbox (22.04053pt too wide) has occurred while \output is active
 [][][][]  
 []

[104

 <./Frames/Imagen86.jpg>]
<Frames/Imagen87.jpg, id=2904, 1204.5pt x 903.375pt>
File: Frames/Imagen87.jpg Graphic file (type jpg)
<use Frames/Imagen87.jpg>
Package pdftex.def Info: Frames/Imagen87.jpg  used on input line 495.
(pdftex.def)             Requested size: 325.21935pt x 243.9145pt.

Overfull \hbox (22.04053pt too wide) has occurred while \output is active
 [][][][]  
 []

[105

 <./Frames/Imagen87.jpg>]
<Frames/Imagen88.jpg, id=2931, 1204.5pt x 903.375pt>
File: Frames/Imagen88.jpg Graphic file (type jpg)
<use Frames/Imagen88.jpg>
Package pdftex.def Info: Frames/Imagen88.jpg  used on input line 500.
(pdftex.def)             Requested size: 325.21935pt x 243.9145pt.

Overfull \hbox (22.04053pt too wide) has occurred while \output is active
 [][][][]  
 []

[106

 <./Frames/Imagen88.jpg>]
<Frames/Imagen89.jpg, id=2958, 1204.5pt x 903.375pt>
File: Frames/Imagen89.jpg Graphic file (type jpg)
<use Frames/Imagen89.jpg>
Package pdftex.def Info: Frames/Imagen89.jpg  used on input line 505.
(pdftex.def)             Requested size: 325.21935pt x 243.9145pt.

Overfull \hbox (22.04053pt too wide) has occurred while \output is active
 [][][][]  
 []

[107

 <./Frames/Imagen89.jpg>]
<Frames/Imagen90.jpg, id=2986, 1204.5pt x 903.375pt>
File: Frames/Imagen90.jpg Graphic file (type jpg)
<use Frames/Imagen90.jpg>
Package pdftex.def Info: Frames/Imagen90.jpg  used on input line 510.
(pdftex.def)             Requested size: 325.21935pt x 243.9145pt.

Overfull \hbox (22.04053pt too wide) has occurred while \output is active
 [][][][]  
 []

[108

 <./Frames/Imagen90.jpg>]
<Frames/Imagen91.jpg, id=3013, 1204.5pt x 903.375pt>
File: Frames/Imagen91.jpg Graphic file (type jpg)
<use Frames/Imagen91.jpg>
Package pdftex.def Info: Frames/Imagen91.jpg  used on input line 515.
(pdftex.def)             Requested size: 325.21935pt x 243.9145pt.

Overfull \hbox (22.04053pt too wide) has occurred while \output is active
 [][][][]  
 []

[109

 <./Frames/Imagen91.jpg>]
<Frames/Imagen92.jpg, id=3041, 1204.5pt x 903.375pt>
File: Frames/Imagen92.jpg Graphic file (type jpg)
<use Frames/Imagen92.jpg>
Package pdftex.def Info: Frames/Imagen92.jpg  used on input line 520.
(pdftex.def)             Requested size: 325.21935pt x 243.9145pt.

Overfull \hbox (22.04053pt too wide) has occurred while \output is active
 [][][][]  
 []

[110

 <./Frames/Imagen92.jpg>]
<Frames/Imagen93.jpg, id=3068, 1204.5pt x 903.375pt>
File: Frames/Imagen93.jpg Graphic file (type jpg)
<use Frames/Imagen93.jpg>
Package pdftex.def Info: Frames/Imagen93.jpg  used on input line 525.
(pdftex.def)             Requested size: 325.21935pt x 243.9145pt.

Overfull \hbox (22.04053pt too wide) has occurred while \output is active
 [][][][]  
 []

[111

 <./Frames/Imagen93.jpg>]
<Frames/Imagen94.jpg, id=3096, 1204.5pt x 903.375pt>
File: Frames/Imagen94.jpg Graphic file (type jpg)
<use Frames/Imagen94.jpg>
Package pdftex.def Info: Frames/Imagen94.jpg  used on input line 530.
(pdftex.def)             Requested size: 325.21935pt x 243.9145pt.

Overfull \hbox (22.04053pt too wide) has occurred while \output is active
 [][][][]  
 []

[112

 <./Frames/Imagen94.jpg>]
<Frames/Imagen95.jpg, id=3123, 1204.5pt x 903.375pt>
File: Frames/Imagen95.jpg Graphic file (type jpg)
<use Frames/Imagen95.jpg>
Package pdftex.def Info: Frames/Imagen95.jpg  used on input line 535.
(pdftex.def)             Requested size: 325.21935pt x 243.9145pt.

Overfull \hbox (22.04053pt too wide) has occurred while \output is active
 [][][][]  
 []

[113

 <./Frames/Imagen95.jpg>]
<Frames/Imagen96.jpg, id=3150, 1204.5pt x 903.375pt>
File: Frames/Imagen96.jpg Graphic file (type jpg)
<use Frames/Imagen96.jpg>
Package pdftex.def Info: Frames/Imagen96.jpg  used on input line 540.
(pdftex.def)             Requested size: 325.21935pt x 243.9145pt.

Overfull \hbox (22.04053pt too wide) has occurred while \output is active
 [][][][]  
 []

[114

 <./Frames/Imagen96.jpg>]
<Frames/Imagen97.jpg, id=3177, 1204.5pt x 903.375pt>
File: Frames/Imagen97.jpg Graphic file (type jpg)
<use Frames/Imagen97.jpg>
Package pdftex.def Info: Frames/Imagen97.jpg  used on input line 545.
(pdftex.def)             Requested size: 325.21935pt x 243.9145pt.

Overfull \hbox (22.04053pt too wide) has occurred while \output is active
 [][][][]  
 []

[115

 <./Frames/Imagen97.jpg>]
<Frames/Imagen98.jpg, id=3206, 1204.5pt x 903.375pt>
File: Frames/Imagen98.jpg Graphic file (type jpg)
<use Frames/Imagen98.jpg>
Package pdftex.def Info: Frames/Imagen98.jpg  used on input line 550.
(pdftex.def)             Requested size: 325.21935pt x 243.9145pt.

Overfull \hbox (22.04053pt too wide) has occurred while \output is active
 [][][][]  
 []

[116

 <./Frames/Imagen98.jpg>]
<Frames/Imagen99.jpg, id=3233, 1204.5pt x 903.375pt>
File: Frames/Imagen99.jpg Graphic file (type jpg)
<use Frames/Imagen99.jpg>
Package pdftex.def Info: Frames/Imagen99.jpg  used on input line 555.
(pdftex.def)             Requested size: 325.21935pt x 243.9145pt.

Overfull \hbox (22.04053pt too wide) has occurred while \output is active
 [][][][]  
 []

[117

 <./Frames/Imagen99.jpg>]
<Frames/Imagen100.jpg, id=3260, 1204.5pt x 903.375pt>
File: Frames/Imagen100.jpg Graphic file (type jpg)
<use Frames/Imagen100.jpg>
Package pdftex.def Info: Frames/Imagen100.jpg  used on input line 560.
(pdftex.def)             Requested size: 325.21935pt x 243.9145pt.

Overfull \hbox (22.04053pt too wide) has occurred while \output is active
 [][][][]  
 []

[118

 <./Frames/Imagen100.jpg>] (./Presentacion.toc
LaTeX Info: Redefining \. on input line 1.
LaTeX Info: Redefining \% on input line 1.
)
Overfull \hbox (22.04053pt too wide) has occurred while \output is active
 [][][][]  
 []

[119

]
Overfull \hbox (22.04053pt too wide) has occurred while \output is active
 [][][][]  
 []

[120

]
\tf@nav=\write6
\openout6 = `Presentacion.nav'.

\tf@toc=\write7
\openout7 = `Presentacion.toc'.

\tf@snm=\write8
\openout8 = `Presentacion.snm'.

Package atveryend Info: Empty hook `BeforeClearDocument' on input line 565.
Package atveryend Info: Empty hook `AfterLastShipout' on input line 565.
 (./Presentacion.aux
LaTeX Info: Redefining \. on input line 24.
LaTeX Info: Redefining \% on input line 24.
)
Package atveryend Info: Executing hook `AtVeryEndDocument' on input line 565.
Package atveryend Info: Executing hook `AtEndAfterFileList' on input line 565.
Package rerunfilecheck Info: File `Presentacion.out' has not changed.
(rerunfilecheck)             Checksum: D063AD4560B83C527AA01E1AECF163C7;247.
 ) 
Here is how much of TeX's memory you used:
 20266 strings out of 480994
 381918 string characters out of 5916032
 630900 words of memory out of 5000000
 34948 multiletter control sequences out of 15000+600000
 539396 words of font info for 49 fonts, out of 8000000 for 9000
 1141 hyphenation exceptions out of 8191
 58i,15n,67p,796b,898s stack positions out of 5000i,500n,10000p,200000b,80000s
<c:/texlive/2019/texmf-dist/fonts/type1/public/amsfonts/cm/cmmi12.pfb><c:/tex
live/2019/texmf-dist/fonts/type1/public/amsfonts/cm/cmss12.pfb><c:/texlive/2019
/texmf-dist/fonts/type1/public/amsfonts/cm/cmss17.pfb><c:/texlive/2019/texmf-di
st/fonts/type1/public/amsfonts/cm/cmss8.pfb><c:/texlive/2019/texmf-dist/fonts/t
ype1/public/amsfonts/cm/cmssi12.pfb><c:/texlive/2019/texmf-dist/fonts/type1/pub
lic/amsfonts/cm/cmsy10.pfb><c:/texlive/2019/texmf-dist/fonts/type1/public/amsfo
nts/symbols/msbm10.pfb>
Output written on Presentacion.pdf (120 pages, 6815493 bytes).
PDF statistics:
 3426 PDF objects out of 3580 (max. 8388607)
 3145 compressed objects within 32 object streams
 245 named destinations out of 1000 (max. 500000)
 638 words of extra memory for PDF output out of 10000 (max. 10000000)

